Flow report for JPEG
Sat Jun 14 09:23:59 2025
Quartus II 64-Bit Version 13.0.1 Build 232 06/12/2013 Service Pack 1 SJ Web Edition


---------------------
; Table of Contents ;
---------------------
  1. Legal Notice
  2. Flow Summary
  3. Flow Settings
  4. Flow Non-Default Global Settings
  5. Flow Elapsed Time
  6. Flow OS Summary
  7. Flow Log
  8. Flow Messages
  9. Flow Suppressed Messages



----------------
; Legal Notice ;
----------------
Copyright (C) 1991-2013 Altera Corporation
Your use of Altera Corporation's design tools, logic functions 
and other software and tools, and its AMPP partner logic 
functions, and any output files from any of the foregoing 
(including device programming or simulation files), and any 
associated documentation or information are expressly subject 
to the terms and conditions of the Altera Program License 
Subscription Agreement, Altera MegaCore Function License 
Agreement, or other applicable license agreement, including, 
without limitation, that your use is for the sole purpose of 
programming logic devices manufactured by Altera and sold by 
Altera or its authorized distributors.  Please refer to the 
applicable agreement for further details.



+--------------------------------------------------------------------------------------+
; Flow Summary                                                                         ;
+------------------------------------+-------------------------------------------------+
; Flow Status                        ; Successful - Sat Jun 14 09:23:59 2025           ;
; Quartus II 64-Bit Version          ; 13.0.1 Build 232 06/12/2013 SP 1 SJ Web Edition ;
; Revision Name                      ; JPEG                                            ;
; Top-level Entity Name              ; rgb2ycbcr                                       ;
; Family                             ; Cyclone II                                      ;
; Device                             ; EP2C35F672C6                                    ;
; Timing Models                      ; Final                                           ;
; Total logic elements               ; 300 / 33,216 ( < 1 % )                          ;
;     Total combinational functions  ; 278 / 33,216 ( < 1 % )                          ;
;     Dedicated logic registers      ; 52 / 33,216 ( < 1 % )                           ;
; Total registers                    ; 52                                              ;
; Total pins                         ; 52 / 475 ( 11 % )                               ;
; Total virtual pins                 ; 0                                               ;
; Total memory bits                  ; 0 / 483,840 ( 0 % )                             ;
; Embedded Multiplier 9-bit elements ; 0 / 70 ( 0 % )                                  ;
; Total PLLs                         ; 0 / 4 ( 0 % )                                   ;
+------------------------------------+-------------------------------------------------+


+-----------------------------------------+
; Flow Settings                           ;
+-------------------+---------------------+
; Option            ; Setting             ;
+-------------------+---------------------+
; Start date & time ; 06/14/2025 09:23:48 ;
; Main task         ; Compilation         ;
; Revision Name     ; JPEG                ;
+-------------------+---------------------+


+----------------------------------------------------------------------------------------------------------------------------------------+
; Flow Non-Default Global Settings                                                                                                       ;
+--------------------------------------+---------------------------------------+---------------+-------------+---------------------------+
; Assignment Name                      ; Value                                 ; Default Value ; Entity Name ; Section Id                ;
+--------------------------------------+---------------------------------------+---------------+-------------+---------------------------+
; COMPILER_SIGNATURE_ID                ; 136935934210258.174986782808516       ; --            ; --          ; --                        ;
; EDA_DESIGN_INSTANCE_NAME             ; NA                                    ; --            ; --          ; tb_jpeg_quantizer_wb      ;
; EDA_DESIGN_INSTANCE_NAME             ; NA                                    ; --            ; --          ; quantizer_1_tb            ;
; EDA_DESIGN_INSTANCE_NAME             ; NA                                    ; --            ; --          ; tb_quantizer_1_wb_wrapper ;
; EDA_DESIGN_INSTANCE_NAME             ; NA                                    ; --            ; --          ; dct_2d_tb                 ;
; EDA_DESIGN_INSTANCE_NAME             ; NA                                    ; --            ; --          ; entropy_encoder_tb        ;
; EDA_DESIGN_INSTANCE_NAME             ; NA                                    ; --            ; --          ; tb_jpeg_encoder           ;
; EDA_DESIGN_INSTANCE_NAME             ; NA                                    ; --            ; --          ; tb_jpeg_top               ;
; EDA_DESIGN_INSTANCE_NAME             ; NA                                    ; --            ; --          ; jpeg_top_tb               ;
; EDA_DESIGN_INSTANCE_NAME             ; NA                                    ; --            ; --          ; bamodule_tb               ;
; EDA_DESIGN_INSTANCE_NAME             ; NA                                    ; --            ; --          ; tb_rgb2ycbcr              ;
; EDA_DESIGN_INSTANCE_NAME             ; NA                                    ; --            ; --          ; downsampler_420_tb        ;
; EDA_DESIGN_INSTANCE_NAME             ; NA                                    ; --            ; --          ; tb_jpeg_topfour           ;
; EDA_DESIGN_INSTANCE_NAME             ; NA                                    ; --            ; --          ; tb_top_module_jpeg        ;
; EDA_NATIVELINK_SIMULATION_TEST_BENCH ; tb_top_module_jpeg                    ; --            ; --          ; eda_simulation            ;
; EDA_OUTPUT_DATA_FORMAT               ; Verilog Hdl                           ; --            ; --          ; eda_simulation            ;
; EDA_SIMULATION_TOOL                  ; ModelSim-Altera (Verilog)             ; <None>        ; --          ; --                        ;
; EDA_TEST_BENCH_ENABLE_STATUS         ; TEST_BENCH_MODE                       ; --            ; --          ; eda_simulation            ;
; EDA_TEST_BENCH_FILE                  ; tb_jpeg_quantizer_wb.v                ; --            ; --          ; tb_jpeg_quantizer_wb      ;
; EDA_TEST_BENCH_FILE                  ; quantizer_1_tb.v                      ; --            ; --          ; quantizer_1_tb            ;
; EDA_TEST_BENCH_FILE                  ; tb_quantizer_1_wb_wrapper.v           ; --            ; --          ; tb_quantizer_1_wb_wrapper ;
; EDA_TEST_BENCH_FILE                  ; dct_2d_tb.v                           ; --            ; --          ; dct_2d_tb                 ;
; EDA_TEST_BENCH_FILE                  ; entropy_encoder_tb.v                  ; --            ; --          ; entropy_encoder_tb        ;
; EDA_TEST_BENCH_FILE                  ; tb_jpeg_encoder.v                     ; --            ; --          ; tb_jpeg_encoder           ;
; EDA_TEST_BENCH_FILE                  ; tb_jpeg_top.v                         ; --            ; --          ; tb_jpeg_top               ;
; EDA_TEST_BENCH_FILE                  ; jpeg_top_tb.v                         ; --            ; --          ; jpeg_top_tb               ;
; EDA_TEST_BENCH_FILE                  ; bamodule_tb.v                         ; --            ; --          ; bamodule_tb               ;
; EDA_TEST_BENCH_FILE                  ; tb_rgb2ycbcr.v                        ; --            ; --          ; tb_rgb2ycbcr              ;
; EDA_TEST_BENCH_FILE                  ; downsampler_420_tb.v                  ; --            ; --          ; downsampler_420_tb        ;
; EDA_TEST_BENCH_FILE                  ; tb_jpeg_topfour.v                     ; --            ; --          ; tb_jpeg_topfour           ;
; EDA_TEST_BENCH_FILE                  ; tb_top_module_jpeg.v                  ; --            ; --          ; tb_top_module_jpeg        ;
; EDA_TEST_BENCH_MODULE_NAME           ; tb_jpeg_quantizer_wb                  ; --            ; --          ; tb_jpeg_quantizer_wb      ;
; EDA_TEST_BENCH_MODULE_NAME           ; quantizer_1_tb                        ; --            ; --          ; quantizer_1_tb            ;
; EDA_TEST_BENCH_MODULE_NAME           ; tb_quantizer_1_wb_wrapper             ; --            ; --          ; tb_quantizer_1_wb_wrapper ;
; EDA_TEST_BENCH_MODULE_NAME           ; dct_2d_tb                             ; --            ; --          ; dct_2d_tb                 ;
; EDA_TEST_BENCH_MODULE_NAME           ; entropy_encoder_tb                    ; --            ; --          ; entropy_encoder_tb        ;
; EDA_TEST_BENCH_MODULE_NAME           ; tb_jpeg_encoder                       ; --            ; --          ; tb_jpeg_encoder           ;
; EDA_TEST_BENCH_MODULE_NAME           ; tb_jpeg_top                           ; --            ; --          ; tb_jpeg_top               ;
; EDA_TEST_BENCH_MODULE_NAME           ; jpeg_top_tb                           ; --            ; --          ; jpeg_top_tb               ;
; EDA_TEST_BENCH_MODULE_NAME           ; bamodule_tb                           ; --            ; --          ; bamodule_tb               ;
; EDA_TEST_BENCH_MODULE_NAME           ; tb_rgb2ycbcr                          ; --            ; --          ; tb_rgb2ycbcr              ;
; EDA_TEST_BENCH_MODULE_NAME           ; downsampler_420_tb                    ; --            ; --          ; downsampler_420_tb        ;
; EDA_TEST_BENCH_MODULE_NAME           ; tb_jpeg_topfour                       ; --            ; --          ; tb_jpeg_topfour           ;
; EDA_TEST_BENCH_MODULE_NAME           ; tb_top_module_jpeg                    ; --            ; --          ; tb_top_module_jpeg        ;
; EDA_TEST_BENCH_NAME                  ; tb_jpeg_quantizer_wb                  ; --            ; --          ; eda_simulation            ;
; EDA_TEST_BENCH_NAME                  ; quantizer_1_tb                        ; --            ; --          ; eda_simulation            ;
; EDA_TEST_BENCH_NAME                  ; tb_quantizer_1_wb_wrapper             ; --            ; --          ; eda_simulation            ;
; EDA_TEST_BENCH_NAME                  ; dct_2d_tb                             ; --            ; --          ; eda_simulation            ;
; EDA_TEST_BENCH_NAME                  ; entropy_encoder_tb                    ; --            ; --          ; eda_simulation            ;
; EDA_TEST_BENCH_NAME                  ; tb_jpeg_encoder                       ; --            ; --          ; eda_simulation            ;
; EDA_TEST_BENCH_NAME                  ; tb_jpeg_top                           ; --            ; --          ; eda_simulation            ;
; EDA_TEST_BENCH_NAME                  ; jpeg_top_tb                           ; --            ; --          ; eda_simulation            ;
; EDA_TEST_BENCH_NAME                  ; bamodule_tb                           ; --            ; --          ; eda_simulation            ;
; EDA_TEST_BENCH_NAME                  ; tb_rgb2ycbcr                          ; --            ; --          ; eda_simulation            ;
; EDA_TEST_BENCH_NAME                  ; downsampler_420_tb                    ; --            ; --          ; eda_simulation            ;
; EDA_TEST_BENCH_NAME                  ; tb_jpeg_topfour                       ; --            ; --          ; eda_simulation            ;
; EDA_TEST_BENCH_NAME                  ; tb_top_module_jpeg                    ; --            ; --          ; eda_simulation            ;
; EDA_TIME_SCALE                       ; 1 ps                                  ; --            ; --          ; eda_simulation            ;
; MAX_CORE_JUNCTION_TEMP               ; 85                                    ; --            ; --          ; --                        ;
; MIN_CORE_JUNCTION_TEMP               ; 0                                     ; --            ; --          ; --                        ;
; PARTITION_COLOR                      ; 16764057                              ; --            ; rgb2ycbcr   ; Top                       ;
; PARTITION_FITTER_PRESERVATION_LEVEL  ; PLACEMENT_AND_ROUTING                 ; --            ; rgb2ycbcr   ; Top                       ;
; PARTITION_NETLIST_TYPE               ; SOURCE                                ; --            ; rgb2ycbcr   ; Top                       ;
; POWER_BOARD_THERMAL_MODEL            ; None (CONSERVATIVE)                   ; --            ; --          ; --                        ;
; POWER_PRESET_COOLING_SOLUTION        ; 23 MM HEAT SINK WITH 200 LFPM AIRFLOW ; --            ; --          ; --                        ;
; PROJECT_OUTPUT_DIRECTORY             ; output_files                          ; --            ; --          ; --                        ;
; TOP_LEVEL_ENTITY                     ; rgb2ycbcr                             ; JPEG          ; --          ; --                        ;
+--------------------------------------+---------------------------------------+---------------+-------------+---------------------------+


+-------------------------------------------------------------------------------------------------------------------------------+
; Flow Elapsed Time                                                                                                             ;
+---------------------------+--------------+-------------------------+---------------------+------------------------------------+
; Module Name               ; Elapsed Time ; Average Processors Used ; Peak Virtual Memory ; Total CPU Time (on all processors) ;
+---------------------------+--------------+-------------------------+---------------------+------------------------------------+
; Analysis & Synthesis      ; 00:00:02     ; 1.0                     ; 4612 MB             ; 00:00:02                           ;
; Fitter                    ; 00:00:04     ; 1.0                     ; 4884 MB             ; 00:00:04                           ;
; Assembler                 ; 00:00:02     ; 1.0                     ; 4566 MB             ; 00:00:01                           ;
; TimeQuest Timing Analyzer ; 00:00:01     ; 1.0                     ; 4546 MB             ; 00:00:00                           ;
; EDA Netlist Writer        ; 00:00:00     ; 1.0                     ; 4513 MB             ; 00:00:00                           ;
; Total                     ; 00:00:09     ; --                      ; --                  ; 00:00:07                           ;
+---------------------------+--------------+-------------------------+---------------------+------------------------------------+


+----------------------------------------------------------------------------------------+
; Flow OS Summary                                                                        ;
+---------------------------+------------------+-----------+------------+----------------+
; Module Name               ; Machine Hostname ; OS Name   ; OS Version ; Processor type ;
+---------------------------+------------------+-----------+------------+----------------+
; Analysis & Synthesis      ; LAPTOP-SPSPKIFT  ; Windows 7 ; 6.2        ; x86_64         ;
; Fitter                    ; LAPTOP-SPSPKIFT  ; Windows 7 ; 6.2        ; x86_64         ;
; Assembler                 ; LAPTOP-SPSPKIFT  ; Windows 7 ; 6.2        ; x86_64         ;
; TimeQuest Timing Analyzer ; LAPTOP-SPSPKIFT  ; Windows 7 ; 6.2        ; x86_64         ;
; EDA Netlist Writer        ; LAPTOP-SPSPKIFT  ; Windows 7 ; 6.2        ; x86_64         ;
+---------------------------+------------------+-----------+------------+----------------+


------------
; Flow Log ;
------------
quartus_map --read_settings_files=on --write_settings_files=off JPEG -c JPEG
quartus_fit --read_settings_files=off --write_settings_files=off JPEG -c JPEG
quartus_asm --read_settings_files=off --write_settings_files=off JPEG -c JPEG
quartus_sta JPEG -c JPEG
quartus_eda --read_settings_files=off --write_settings_files=off JPEG -c JPEG



